<?xml version="1.0" encoding="UTF-8"?>
<!-- Generated by org.testng.reporters.JUnitXMLReporter -->
<testsuite hostname="IN2196867W4" ignored="0" name="Test1" tests="3" failures="0" timestamp="2020-09-06T13:12:29 IST" time="0.162" errors="0">
  <testcase name="testcase1" time="0.019" classname="sample.testingjava.secondclass"/>
  <testcase name="login" time="0.002" classname="sample.testingjava.twoestcase"/>
  <testcase name="accountcreation" time="0.002" classname="sample.testingjava.twoestcase"/>
</testsuite> <!-- Test1 -->
