<?xml version="1.0" encoding="UTF-8"?>
<!-- Generated by org.testng.reporters.JUnitXMLReporter -->
<testsuite hostname="IN2196867W4" ignored="0" name="Test2" tests="3" failures="0" timestamp="2020-09-06T13:06:37 IST" time="0.058" errors="0">
  <testcase name="testcase1" time="0.014" classname="sample.testingjava.secondclass"/>
  <testcase name="test1" time="0.003" classname="sample.testingjava.twoestcase"/>
  <testcase name="test2" time="0.009" classname="sample.testingjava.twoestcase"/>
</testsuite> <!-- Test2 -->
