<?xml version="1.0" encoding="UTF-8"?>
<!-- Generated by org.testng.reporters.JUnitXMLReporter -->
<testsuite hostname="IN2196867W4" ignored="0" name="Test" tests="3" failures="0" timestamp="2020-09-06T13:04:36 IST" time="0.15" errors="0">
  <testcase name="testcase1" time="0.012" classname="sample.testingjava.secondclass"/>
  <testcase name="test1" time="0.01" classname="sample.testingjava.twoestcase"/>
  <testcase name="test2" time="0.008" classname="sample.testingjava.twoestcase"/>
</testsuite> <!-- Test -->
