<?xml version="1.0" encoding="UTF-8"?>
<testng-results skipped="0" failed="0" ignored="0" total="3" passed="3">
  <reporter-output>
  </reporter-output>
  <suite name="Suite" duration-ms="162" started-at="2020-09-06T13:12:29 IST" finished-at="2020-09-06T13:12:29 IST">
    <groups>
    </groups>
    <test name="Test1" duration-ms="162" started-at="2020-09-06T13:12:29 IST" finished-at="2020-09-06T13:12:29 IST">
      <class name="sample.testingjava.secondclass">
        <test-method status="PASS" signature="beforete()[pri:0, instance:sample.testingjava.secondclass@3b084709]" name="beforete" is-config="true" duration-ms="1" started-at="2020-09-06T13:12:29 IST" finished-at="2020-09-06T13:12:29 IST">
          <reporter-output>
          </reporter-output>
        </test-method> <!-- beforete -->
        <test-method status="PASS" signature="beforecl()[pri:0, instance:sample.testingjava.secondclass@3b084709]" name="beforecl" is-config="true" duration-ms="2" started-at="2020-09-06T13:12:29 IST" finished-at="2020-09-06T13:12:29 IST">
          <reporter-output>
          </reporter-output>
        </test-method> <!-- beforecl -->
        <test-method status="PASS" signature="bmethod()[pri:0, instance:sample.testingjava.secondclass@3b084709]" name="bmethod" is-config="true" duration-ms="8" started-at="2020-09-06T13:12:29 IST" finished-at="2020-09-06T13:12:29 IST">
          <reporter-output>
          </reporter-output>
        </test-method> <!-- bmethod -->
        <test-method status="PASS" signature="testcase1()[pri:0, instance:sample.testingjava.secondclass@3b084709]" name="testcase1" duration-ms="19" started-at="2020-09-06T13:12:29 IST" finished-at="2020-09-06T13:12:29 IST">
          <reporter-output>
          </reporter-output>
        </test-method> <!-- testcase1 -->
        <test-method status="PASS" signature="Amethod()[pri:0, instance:sample.testingjava.secondclass@3b084709]" name="Amethod" is-config="true" duration-ms="1" started-at="2020-09-06T13:12:29 IST" finished-at="2020-09-06T13:12:29 IST">
          <reporter-output>
          </reporter-output>
        </test-method> <!-- Amethod -->
        <test-method status="PASS" signature="aftercl()[pri:0, instance:sample.testingjava.secondclass@3b084709]" name="aftercl" is-config="true" duration-ms="1" started-at="2020-09-06T13:12:29 IST" finished-at="2020-09-06T13:12:29 IST">
          <reporter-output>
          </reporter-output>
        </test-method> <!-- aftercl -->
      </class> <!-- sample.testingjava.secondclass -->
      <class name="sample.testingjava.sampletestng">
        <test-method status="PASS" signature="url()[pri:0, instance:sample.testingjava.sampletestng@57855c9a]" name="url" is-config="true" duration-ms="29" started-at="2020-09-06T13:12:29 IST" finished-at="2020-09-06T13:12:29 IST">
          <reporter-output>
          </reporter-output>
        </test-method> <!-- url -->
        <test-method status="PASS" signature="teardown()[pri:0, instance:sample.testingjava.sampletestng@57855c9a]" name="teardown" is-config="true" duration-ms="2" started-at="2020-09-06T13:12:29 IST" finished-at="2020-09-06T13:12:29 IST">
          <reporter-output>
          </reporter-output>
        </test-method> <!-- teardown -->
      </class> <!-- sample.testingjava.sampletestng -->
      <class name="sample.testingjava.twoestcase">
        <test-method status="PASS" signature="Bmethod()[pri:0, instance:sample.testingjava.twoestcase@3224f60b]" name="Bmethod" is-config="true" duration-ms="0" started-at="2020-09-06T13:12:29 IST" finished-at="2020-09-06T13:12:29 IST">
          <reporter-output>
          </reporter-output>
        </test-method> <!-- Bmethod -->
        <test-method status="PASS" signature="login()[pri:0, instance:sample.testingjava.twoestcase@3224f60b]" name="login" duration-ms="2" started-at="2020-09-06T13:12:29 IST" finished-at="2020-09-06T13:12:29 IST">
          <reporter-output>
          </reporter-output>
        </test-method> <!-- login -->
        <test-method status="PASS" signature="Amethod()[pri:0, instance:sample.testingjava.twoestcase@3224f60b]" name="Amethod" is-config="true" duration-ms="1" started-at="2020-09-06T13:12:29 IST" finished-at="2020-09-06T13:12:29 IST">
          <reporter-output>
          </reporter-output>
        </test-method> <!-- Amethod -->
        <test-method status="PASS" signature="Bmethod()[pri:0, instance:sample.testingjava.twoestcase@3224f60b]" name="Bmethod" is-config="true" duration-ms="1" started-at="2020-09-06T13:12:29 IST" finished-at="2020-09-06T13:12:29 IST">
          <reporter-output>
          </reporter-output>
        </test-method> <!-- Bmethod -->
        <test-method status="PASS" signature="accountcreation()[pri:1, instance:sample.testingjava.twoestcase@3224f60b]" name="accountcreation" duration-ms="2" started-at="2020-09-06T13:12:29 IST" finished-at="2020-09-06T13:12:29 IST">
          <reporter-output>
          </reporter-output>
        </test-method> <!-- accountcreation -->
        <test-method status="PASS" signature="Amethod()[pri:0, instance:sample.testingjava.twoestcase@3224f60b]" name="Amethod" is-config="true" duration-ms="1" started-at="2020-09-06T13:12:29 IST" finished-at="2020-09-06T13:12:29 IST">
          <reporter-output>
          </reporter-output>
        </test-method> <!-- Amethod -->
        <test-method status="PASS" signature="afterat()[pri:0, instance:sample.testingjava.twoestcase@3224f60b]" name="afterat" is-config="true" duration-ms="4" started-at="2020-09-06T13:12:29 IST" finished-at="2020-09-06T13:12:29 IST">
          <reporter-output>
          </reporter-output>
        </test-method> <!-- afterat -->
      </class> <!-- sample.testingjava.twoestcase -->
    </test> <!-- Test1 -->
  </suite> <!-- Suite -->
</testng-results>
